<?xml version="1.0" encoding="UTF-8"?>
<!-- Generated by org.testng.reporters.JUnitXMLReporter -->
<testsuite hostname="DESKTOP-IUTGI2H" ignored="0" name="Test" tests="6" failures="0" timestamp="2020-07-19T08:55:33 PDT" time="0.078" errors="0">
  <testcase name="seleniumex" time="0.005" classname="qaclickacademy.Mavenproject1.SeleniumTest"/>
  <testcase name="seleniumexample" time="0.002" classname="qaclickacademy.Mavenproject1.SeleniumTest"/>
  <testcase name="selenium" time="0.001" classname="qaclickacademy.Mavenproject1.RestApiTest"/>
  <testcase name="Appiumteste" time="0.0" classname="qaclickacademy.Mavenproject1.AppiumTest"/>
  <testcase name="Appiumtestex" time="0.001" classname="qaclickacademy.Mavenproject1.AppiumTest"/>
  <testcase name="Appiumtestexample" time="0.001" classname="qaclickacademy.Mavenproject1.AppiumTest"/>
</testsuite> <!-- Test -->
