<?xml version="1.0" encoding="UTF-8"?>
<testng-results skipped="0" failed="0" ignored="0" total="1" passed="1">
  <reporter-output>
  </reporter-output>
  <suite name="Default suite" duration-ms="65" started-at="2020-07-19T05:26:45 PDT" finished-at="2020-07-19T05:26:45 PDT">
    <groups>
    </groups>
    <test name="Default test" duration-ms="65" started-at="2020-07-19T05:26:45 PDT" finished-at="2020-07-19T05:26:45 PDT">
      <class name="qaclickacademy.Mavenproject1.AppiumP">
        <test-method status="PASS" signature="Appiumtestexample()[pri:0, instance:qaclickacademy.Mavenproject1.AppiumP@64729b1e]" name="Appiumtestexample" duration-ms="9" started-at="2020-07-19T05:26:45 PDT" finished-at="2020-07-19T05:26:45 PDT">
          <reporter-output>
          </reporter-output>
        </test-method> <!-- Appiumtestexample -->
      </class> <!-- qaclickacademy.Mavenproject1.AppiumP -->
    </test> <!-- Default test -->
  </suite> <!-- Default suite -->
</testng-results>
